This file contains any messages produced by compilers while
running configure, to aid debugging if configure makes a mistake.

It was created by configure, which was
generated by GNU Autoconf 2.61.  Invocation command line was

  $ ./configure --prefix=/usr/local/mmseg3

## --------- ##
## Platform. ##
## --------- ##

hostname = localhost
uname -m = x86_64
uname -r = 11.4.0
uname -s = Darwin
uname -v = Darwin Kernel Version 11.4.0: Mon Apr  9 19:32:15 PDT 2012; root:xnu-1699.26.8~1/RELEASE_X86_64

/usr/bin/uname -p = i386
/bin/uname -X     = unknown

/bin/arch              = unknown
/usr/bin/arch -k       = unknown
/usr/convex/getsysinfo = unknown
/usr/bin/hostinfo      = Mach kernel version:
	 Darwin Kernel Version 11.4.0: Mon Apr  9 19:32:15 PDT 2012; root:xnu-1699.26.8~1/RELEASE_X86_64
Kernel configured for up to 4 processors.
2 processors are physically available.
4 processors are logically available.
Processor type: i486 (Intel 80486)
Processors active: 0 1 2 3
Primary memory available: 4.00 gigabytes
Default processor set: 81 tasks, 410 threads, 4 processors
Load average: 1.29, Mach factor: 2.70
/bin/machine           = unknown
/usr/bin/oslevel       = unknown
/bin/universe          = unknown

PATH: /usr/bin
PATH: /bin
PATH: /usr/sbin
PATH: /sbin
PATH: /usr/local/bin
PATH: /usr/X11/bin
PATH: /usr/local/git/bin
PATH: /usr/texbin
PATH: /opt/local/bin


## ----------- ##
## Core tests. ##
## ----------- ##

configure:1840: checking for a BSD-compatible install
configure:1896: result: /usr/bin/install -c
configure:1907: checking whether build environment is sane
configure:1950: result: yes
configure:1978: checking for a thread-safe mkdir -p
configure:2017: result: config/install-sh -c -d
configure:2030: checking for gawk
configure:2060: result: no
configure:2030: checking for mawk
configure:2060: result: no
configure:2030: checking for nawk
configure:2060: result: no
configure:2030: checking for awk
configure:2046: found /usr/bin/awk
configure:2057: result: awk
configure:2068: checking whether make sets $(MAKE)
configure:2089: result: yes
configure:2337: checking for g++
configure:2353: found /usr/bin/g++
configure:2364: result: g++
configure:2395: checking for C++ compiler version
configure:2402: g++ --version >&5
i686-apple-darwin11-llvm-g++-4.2 (GCC) 4.2.1 (Based on Apple Inc. build 5658) (LLVM build 2335.15.00)
Copyright (C) 2007 Free Software Foundation, Inc.
This is free software; see the source for copying conditions.  There is NO
warranty; not even for MERCHANTABILITY or FITNESS FOR A PARTICULAR PURPOSE.

configure:2405: $? = 0
configure:2412: g++ -v >&5
Using built-in specs.
Target: i686-apple-darwin11
Configured with: /private/var/tmp/llvmgcc42/llvmgcc42-2335.15~108/src/configure --disable-checking --enable-werror --prefix=/Developer/usr/llvm-gcc-4.2 --mandir=/share/man --enable-languages=c,objc,c++,obj-c++ --program-prefix=llvm- --program-transform-name=/^[cg][^.-]*$/s/$/-4.2/ --with-slibdir=/usr/lib --build=i686-apple-darwin11 --enable-llvm=/private/var/tmp/llvmgcc42/llvmgcc42-2335.15~108/dst-llvmCore/Developer/usr/local --program-prefix=i686-apple-darwin11- --host=x86_64-apple-darwin11 --target=i686-apple-darwin11 --with-gxx-include-dir=/usr/include/c++/4.2.1
Thread model: posix
gcc version 4.2.1 (Based on Apple Inc. build 5658) (LLVM build 2335.15.00)
configure:2415: $? = 0
configure:2422: g++ -V >&5
llvm-g++-4.2: argument to `-V' is missing
configure:2425: $? = 1
configure:2448: checking for C++ compiler default output file name
configure:2475: g++    conftest.cpp  >&5
configure:2478: $? = 0
configure:2516: result: a.out
configure:2533: checking whether the C++ compiler works
configure:2543: ./a.out
configure:2546: $? = 0
configure:2563: result: yes
configure:2570: checking whether we are cross compiling
configure:2572: result: no
configure:2575: checking for suffix of executables
configure:2582: g++ -o conftest    conftest.cpp  >&5
configure:2585: $? = 0
configure:2609: result: 
configure:2615: checking for suffix of object files
configure:2641: g++ -c   conftest.cpp >&5
configure:2644: $? = 0
configure:2667: result: o
configure:2671: checking whether we are using the GNU C++ compiler
configure:2700: g++ -c   conftest.cpp >&5
configure:2706: $? = 0
configure:2723: result: yes
configure:2728: checking whether g++ accepts -g
configure:2758: g++ -c -g  conftest.cpp >&5
configure:2764: $? = 0
configure:2863: result: yes
configure:2897: checking for style of include used by make
configure:2925: result: GNU
configure:2950: checking dependency style of g++
configure:3041: result: gcc3
configure:3104: checking for gcc
configure:3120: found /usr/bin/gcc
configure:3131: result: gcc
configure:3369: checking for C compiler version
configure:3376: gcc --version >&5
i686-apple-darwin11-llvm-gcc-4.2 (GCC) 4.2.1 (Based on Apple Inc. build 5658) (LLVM build 2335.15.00)
Copyright (C) 2007 Free Software Foundation, Inc.
This is free software; see the source for copying conditions.  There is NO
warranty; not even for MERCHANTABILITY or FITNESS FOR A PARTICULAR PURPOSE.

configure:3379: $? = 0
configure:3386: gcc -v >&5
Using built-in specs.
Target: i686-apple-darwin11
Configured with: /private/var/tmp/llvmgcc42/llvmgcc42-2335.15~108/src/configure --disable-checking --enable-werror --prefix=/Developer/usr/llvm-gcc-4.2 --mandir=/share/man --enable-languages=c,objc,c++,obj-c++ --program-prefix=llvm- --program-transform-name=/^[cg][^.-]*$/s/$/-4.2/ --with-slibdir=/usr/lib --build=i686-apple-darwin11 --enable-llvm=/private/var/tmp/llvmgcc42/llvmgcc42-2335.15~108/dst-llvmCore/Developer/usr/local --program-prefix=i686-apple-darwin11- --host=x86_64-apple-darwin11 --target=i686-apple-darwin11 --with-gxx-include-dir=/usr/include/c++/4.2.1
Thread model: posix
gcc version 4.2.1 (Based on Apple Inc. build 5658) (LLVM build 2335.15.00)
configure:3389: $? = 0
configure:3396: gcc -V >&5
llvm-gcc-4.2: argument to `-V' is missing
configure:3399: $? = 1
configure:3402: checking whether we are using the GNU C compiler
configure:3431: gcc -c   conftest.c >&5
configure:3437: $? = 0
configure:3454: result: yes
configure:3459: checking whether gcc accepts -g
configure:3489: gcc -c -g  conftest.c >&5
configure:3495: $? = 0
configure:3594: result: yes
configure:3611: checking for gcc option to accept ISO C89
configure:3685: gcc  -c -g -O2  conftest.c >&5
configure:3691: $? = 0
configure:3714: result: none needed
configure:3734: checking dependency style of gcc
configure:3825: result: gcc3
configure:3874: checking build system type
configure:3892: result: i386-apple-darwin11.4.0
configure:3914: checking host system type
configure:3929: result: i386-apple-darwin11.4.0
configure:3972: checking how to print strings
configure:3999: result: printf
configure:4020: checking for a sed that does not truncate output
configure:4099: result: /usr/bin/sed
configure:4117: checking for grep that handles long lines and -e
configure:4191: result: /usr/bin/grep
configure:4196: checking for egrep
configure:4274: result: /usr/bin/grep -E
configure:4279: checking for fgrep
configure:4357: result: /usr/bin/grep -F
configure:4392: checking for ld used by gcc
configure:4459: result: /usr/llvm-gcc-4.2/libexec/gcc/i686-apple-darwin11/4.2.1/ld
configure:4468: checking if the linker (/usr/llvm-gcc-4.2/libexec/gcc/i686-apple-darwin11/4.2.1/ld) is GNU ld
configure:4483: result: no
configure:4495: checking for BSD- or MS-compatible name lister (nm)
configure:4544: result: /usr/bin/nm
configure:4678: checking the name lister (/usr/bin/nm) interface
configure:4685: gcc -c -g -O2  conftest.c >&5
configure:4688: /usr/bin/nm "conftest.o"
configure:4691: output
00000000000001b4 S _some_variable
configure:4698: result: BSD nm
configure:4701: checking whether ln -s works
configure:4705: result: yes
configure:4713: checking the maximum length of command line arguments
configure:4838: result: 196608
configure:4855: checking whether the shell understands some XSI constructs
configure:4865: result: yes
configure:4869: checking whether the shell understands "+="
configure:4875: result: yes
configure:4910: checking for /usr/llvm-gcc-4.2/libexec/gcc/i686-apple-darwin11/4.2.1/ld option to reload object files
configure:4917: result: -r
configure:4986: checking for objdump
configure:5016: result: no
configure:5049: checking how to recognize dependent libraries
configure:5251: result: pass_all
configure:5311: checking for ar
configure:5327: found /usr/bin/ar
configure:5338: result: ar
configure:5420: checking for strip
configure:5436: found /usr/bin/strip
configure:5447: result: strip
configure:5523: checking for ranlib
configure:5553: result: no
configure:5656: checking command to parse /usr/bin/nm output from gcc object
configure:5774: gcc -c -g -O2  conftest.c >&5
configure:5777: $? = 0
configure:5781: /usr/bin/nm conftest.o \| sed -n -e 's/^.*[ ]\([BCDEGRST][BCDEGRST]*\)[ ][ ]*\([_A-Za-z][_A-Za-z0-9]*\)$/\1 \2 \2/p' \> conftest.nm
configure:5784: $? = 0
cannot find nm_test_var in conftest.nm
configure:5774: gcc -c -g -O2  conftest.c >&5
configure:5777: $? = 0
configure:5781: /usr/bin/nm conftest.o \| sed -n -e 's/^.*[ ]\([BCDEGRST][BCDEGRST]*\)[ ][ ]*_\([_A-Za-z][_A-Za-z0-9]*\)$/\1 _\2 \2/p' \> conftest.nm
configure:5784: $? = 0
configure:5838: gcc -o conftest -g -O2   conftest.c conftstm.o >&5
configure:5841: $? = 0
configure:5879: result: ok
configure:6169: checking for dsymutil
configure:6185: found /usr/bin/dsymutil
configure:6196: result: dsymutil
configure:6265: checking for nmedit
configure:6281: found /usr/bin/nmedit
configure:6292: result: nmedit
configure:6361: checking for lipo
configure:6377: found /usr/bin/lipo
configure:6388: result: lipo
configure:6457: checking for otool
configure:6473: found /usr/bin/otool
configure:6484: result: otool
configure:6553: checking for otool64
configure:6583: result: no
configure:6632: checking for -single_module linker flag
gcc -g -O2  -o libconftest.dylib -dynamiclib -Wl,-single_module conftest.c
configure:6659: result: yes
configure:6661: checking for -exported_symbols_list linker flag
configure:6691: gcc -o conftest -g -O2   -Wl,-exported_symbols_list,conftest.sym conftest.c  >&5
configure:6697: $? = 0
configure:6716: result: yes
configure:6718: checking for -force_load linker flag
gcc -g -O2 -c -o conftest.o conftest.c
ar cru libconftest.a conftest.o
ar: can't find or exec: /usr/bin/ranlib (No such file or directory)
ar: internal ranlib command failed
: libconftest.a
gcc -g -O2  -o conftest conftest.c -Wl,-force_load,./libconftest.a
ld: in ./libconftest.a, archive has no table of contents for architecture x86_64
collect2: ld returned 1 exit status
configure:6748: result: no
configure:6790: checking how to run the C preprocessor
configure:6830: gcc -E  conftest.c
configure:6836: $? = 0
configure:6867: gcc -E  conftest.c
conftest.c:10:28: error: ac_nonexistent.h: No such file or directory
configure:6873: $? = 1
configure: failed program was:
| /* confdefs.h.  */
| #define PACKAGE_NAME ""
| #define PACKAGE_TARNAME ""
| #define PACKAGE_VERSION ""
| #define PACKAGE_STRING ""
| #define PACKAGE_BUGREPORT ""
| #define PACKAGE "mmseg"
| #define VERSION "0.7"
| /* end confdefs.h.  */
| #include <ac_nonexistent.h>
configure:6906: result: gcc -E
configure:6935: gcc -E  conftest.c
configure:6941: $? = 0
configure:6972: gcc -E  conftest.c
conftest.c:10:28: error: ac_nonexistent.h: No such file or directory
configure:6978: $? = 1
configure: failed program was:
| /* confdefs.h.  */
| #define PACKAGE_NAME ""
| #define PACKAGE_TARNAME ""
| #define PACKAGE_VERSION ""
| #define PACKAGE_STRING ""
| #define PACKAGE_BUGREPORT ""
| #define PACKAGE "mmseg"
| #define VERSION "0.7"
| /* end confdefs.h.  */
| #include <ac_nonexistent.h>
configure:7016: checking for ANSI C header files
configure:7046: gcc -c -g -O2  conftest.c >&5
configure:7052: $? = 0
configure:7151: gcc -o conftest -g -O2   conftest.c  >&5
configure:7154: $? = 0
configure:7160: ./conftest
configure:7163: $? = 0
configure:7180: result: yes
configure:7204: checking for sys/types.h
configure:7225: gcc -c -g -O2  conftest.c >&5
configure:7231: $? = 0
configure:7247: result: yes
configure:7204: checking for sys/stat.h
configure:7225: gcc -c -g -O2  conftest.c >&5
configure:7231: $? = 0
configure:7247: result: yes
configure:7204: checking for stdlib.h
configure:7225: gcc -c -g -O2  conftest.c >&5
configure:7231: $? = 0
configure:7247: result: yes
configure:7204: checking for string.h
configure:7225: gcc -c -g -O2  conftest.c >&5
configure:7231: $? = 0
configure:7247: result: yes
configure:7204: checking for memory.h
configure:7225: gcc -c -g -O2  conftest.c >&5
configure:7231: $? = 0
configure:7247: result: yes
configure:7204: checking for strings.h
configure:7225: gcc -c -g -O2  conftest.c >&5
configure:7231: $? = 0
configure:7247: result: yes
configure:7204: checking for inttypes.h
configure:7225: gcc -c -g -O2  conftest.c >&5
configure:7231: $? = 0
configure:7247: result: yes
configure:7204: checking for stdint.h
configure:7225: gcc -c -g -O2  conftest.c >&5
configure:7231: $? = 0
configure:7247: result: yes
configure:7204: checking for unistd.h
configure:7225: gcc -c -g -O2  conftest.c >&5
configure:7231: $? = 0
configure:7247: result: yes
configure:7263: checking for dlfcn.h
configure:7284: gcc -c -g -O2  conftest.c >&5
configure:7290: $? = 0
configure:7306: result: yes
configure:7494: checking for objdir
configure:7509: result: .libs
configure:7776: checking if gcc supports -fno-rtti -fno-exceptions
configure:7794: gcc -c -g -O2  -fno-rtti -fno-exceptions conftest.c >&5
cc1: warning: command line option "-fno-rtti" is valid for C++/ObjC++ but not for C
configure:7798: $? = 0
configure:7811: result: no
configure:7831: checking for gcc option to produce PIC
configure:8116: result: -fno-common -DPIC
configure:8128: checking if gcc PIC flag -fno-common -DPIC works
configure:8146: gcc -c -g -O2  -fno-common -DPIC -DPIC conftest.c >&5
configure:8150: $? = 0
configure:8163: result: yes
configure:8187: checking if gcc static flag -static works
configure:8215: result: no
configure:8230: checking if gcc supports -c -o file.o
configure:8251: gcc -c -g -O2  -o out/conftest2.o conftest.c >&5
configure:8255: $? = 0
configure:8277: result: yes
configure:8285: checking if gcc supports -c -o file.o
configure:8332: result: yes
configure:8365: checking whether the gcc linker (/usr/llvm-gcc-4.2/libexec/gcc/i686-apple-darwin11/4.2.1/ld) supports shared libraries
configure:9516: result: yes
configure:9761: checking dynamic linker characteristics
configure:10466: result: darwin11.4.0 dyld
configure:10573: checking how to hardcode library paths into programs
configure:10598: result: immediate
configure:11423: checking whether stripping libraries is possible
configure:11437: result: yes
configure:11463: checking if libtool supports shared libraries
configure:11465: result: yes
configure:11468: checking whether to build shared libraries
configure:11489: result: yes
configure:11492: checking whether to build static libraries
configure:11496: result: yes
configure:11519: checking how to run the C++ preprocessor
configure:11555: g++ -E  conftest.cpp
configure:11561: $? = 0
configure:11592: g++ -E  conftest.cpp
conftest.cpp:22:28: error: ac_nonexistent.h: No such file or directory
configure:11598: $? = 1
configure: failed program was:
| /* confdefs.h.  */
| #define PACKAGE_NAME ""
| #define PACKAGE_TARNAME ""
| #define PACKAGE_VERSION ""
| #define PACKAGE_STRING ""
| #define PACKAGE_BUGREPORT ""
| #define PACKAGE "mmseg"
| #define VERSION "0.7"
| #define STDC_HEADERS 1
| #define HAVE_SYS_TYPES_H 1
| #define HAVE_SYS_STAT_H 1
| #define HAVE_STDLIB_H 1
| #define HAVE_STRING_H 1
| #define HAVE_MEMORY_H 1
| #define HAVE_STRINGS_H 1
| #define HAVE_INTTYPES_H 1
| #define HAVE_STDINT_H 1
| #define HAVE_UNISTD_H 1
| #define HAVE_DLFCN_H 1
| #define LT_OBJDIR ".libs/"
| /* end confdefs.h.  */
| #include <ac_nonexistent.h>
configure:11631: result: g++ -E
configure:11660: g++ -E  conftest.cpp
configure:11666: $? = 0
configure:11697: g++ -E  conftest.cpp
conftest.cpp:22:28: error: ac_nonexistent.h: No such file or directory
configure:11703: $? = 1
configure: failed program was:
| /* confdefs.h.  */
| #define PACKAGE_NAME ""
| #define PACKAGE_TARNAME ""
| #define PACKAGE_VERSION ""
| #define PACKAGE_STRING ""
| #define PACKAGE_BUGREPORT ""
| #define PACKAGE "mmseg"
| #define VERSION "0.7"
| #define STDC_HEADERS 1
| #define HAVE_SYS_TYPES_H 1
| #define HAVE_SYS_STAT_H 1
| #define HAVE_STDLIB_H 1
| #define HAVE_STRING_H 1
| #define HAVE_MEMORY_H 1
| #define HAVE_STRINGS_H 1
| #define HAVE_INTTYPES_H 1
| #define HAVE_STDINT_H 1
| #define HAVE_UNISTD_H 1
| #define HAVE_DLFCN_H 1
| #define LT_OBJDIR ".libs/"
| /* end confdefs.h.  */
| #include <ac_nonexistent.h>
configure:11880: checking for ld used by g++
configure:11947: result: /usr/llvm-gcc-4.2/libexec/gcc/i686-apple-darwin11/4.2.1/ld
configure:11956: checking if the linker (/usr/llvm-gcc-4.2/libexec/gcc/i686-apple-darwin11/4.2.1/ld) is GNU ld
configure:11971: result: no
configure:12026: checking whether the g++ linker (/usr/llvm-gcc-4.2/libexec/gcc/i686-apple-darwin11/4.2.1/ld) supports shared libraries
configure:13012: result: yes
configure:13040: g++ -c -g -O2  conftest.cpp >&5
configure:13043: $? = 0
configure:13225: checking for g++ option to produce PIC
configure:13547: result: -fno-common -DPIC
configure:13556: checking if g++ PIC flag -fno-common -DPIC works
configure:13574: g++ -c -g -O2  -fno-common -DPIC -DPIC conftest.cpp >&5
configure:13578: $? = 0
configure:13591: result: yes
configure:13612: checking if g++ static flag -static works
configure:13640: result: no
configure:13652: checking if g++ supports -c -o file.o
configure:13673: g++ -c -g -O2  -o out/conftest2.o conftest.cpp >&5
configure:13677: $? = 0
configure:13699: result: yes
configure:13704: checking if g++ supports -c -o file.o
configure:13751: result: yes
configure:13781: checking whether the g++ linker (/usr/llvm-gcc-4.2/libexec/gcc/i686-apple-darwin11/4.2.1/ld) supports shared libraries
configure:13809: result: yes
configure:13952: checking dynamic linker characteristics
configure:14591: result: darwin11.4.0 dyld
configure:14644: checking how to hardcode library paths into programs
configure:14669: result: immediate
configure:14728: checking for ANSI C header files
configure:14892: result: yes
configure:14902: checking for sys/wait.h that is POSIX.1 compatible
configure:14938: gcc -c -g -O2  conftest.c >&5
configure:14944: $? = 0
configure:14959: result: yes
configure:14977: checking for stdlib.h
configure:14983: result: yes
configure:14977: checking for unistd.h
configure:14983: result: yes
configure:14987: checking errno.h usability
configure:15004: gcc -c -g -O2  conftest.c >&5
configure:15010: $? = 0
configure:15024: result: yes
configure:15028: checking errno.h presence
configure:15043: gcc -E  conftest.c
configure:15049: $? = 0
configure:15063: result: yes
configure:15091: checking for errno.h
configure:15099: result: yes
configure:14987: checking assert.h usability
configure:15004: gcc -c -g -O2  conftest.c >&5
configure:15010: $? = 0
configure:15024: result: yes
configure:15028: checking assert.h presence
configure:15043: gcc -E  conftest.c
configure:15049: $? = 0
configure:15063: result: yes
configure:15091: checking for assert.h
configure:15099: result: yes
configure:15118: checking for string.h
configure:15124: result: yes
configure:15562: checking stdarg.h usability
configure:15579: gcc -c -g -O2  conftest.c >&5
configure:15585: $? = 0
configure:15599: result: yes
configure:15603: checking stdarg.h presence
configure:15618: gcc -E  conftest.c
configure:15624: $? = 0
configure:15638: result: yes
configure:15666: checking for stdarg.h
configure:15674: result: yes
configure:15700: checking for an ANSI C-conforming const
configure:15775: gcc -c -g -O2  conftest.c >&5
configure:15781: $? = 0
configure:15796: result: yes
configure:15806: checking for pid_t
configure:15836: gcc -c -g -O2  conftest.c >&5
configure:15842: $? = 0
configure:15857: result: yes
configure:15869: checking for size_t
configure:15899: gcc -c -g -O2  conftest.c >&5
configure:15905: $? = 0
configure:15920: result: yes
configure:16028: checking for sys_errlist
configure:16054: gcc -o conftest -g -O2   conftest.c  >&5
configure:16060: $? = 0
configure:16077: result: yes
configure:16086: checking for sys_siglist
configure:16112: gcc -o conftest -g -O2   conftest.c  >&5
configure:16118: $? = 0
configure:16135: result: yes
configure:16150: checking for bzero
configure:16206: gcc -o conftest -g -O2   conftest.c  >&5
conftest.c:55: warning: conflicting types for built-in function 'bzero'
configure:16212: $? = 0
configure:16230: result: yes
configure:16246: checking for calloc
configure:16302: gcc -o conftest -g -O2   conftest.c  >&5
conftest.c:56: warning: conflicting types for built-in function 'calloc'
configure:16308: $? = 0
configure:16326: result: yes
configure:16246: checking for strchr
configure:16302: gcc -o conftest -g -O2   conftest.c  >&5
conftest.c:57: warning: conflicting types for built-in function 'strchr'
configure:16308: $? = 0
configure:16326: result: yes
configure:16246: checking for strrchr
configure:16302: gcc -o conftest -g -O2   conftest.c  >&5
conftest.c:58: warning: conflicting types for built-in function 'strrchr'
configure:16308: $? = 0
configure:16326: result: yes
configure:16346: checking for basename
configure:16402: gcc -o conftest -g -O2   conftest.c  >&5
configure:16408: $? = 0
configure:16426: result: yes
configure:16346: checking for strspn
configure:16402: gcc -o conftest -g -O2   conftest.c  >&5
conftest.c:60: warning: conflicting types for built-in function 'strspn'
configure:16408: $? = 0
configure:16426: result: yes
configure:16346: checking for strcspn
configure:16402: gcc -o conftest -g -O2   conftest.c  >&5
conftest.c:61: warning: conflicting types for built-in function 'strcspn'
configure:16408: $? = 0
configure:16426: result: yes
configure:16346: checking for strerror
configure:16402: gcc -o conftest -g -O2   conftest.c  >&5
configure:16408: $? = 0
configure:16426: result: yes
configure:16346: checking for strsignal
configure:16402: gcc -o conftest -g -O2   conftest.c  >&5
configure:16408: $? = 0
configure:16426: result: yes
configure:16346: checking for vfprintf
configure:16402: gcc -o conftest -g -O2   conftest.c  >&5
conftest.c:64: warning: conflicting types for built-in function 'vfprintf'
configure:16408: $? = 0
configure:16426: result: yes
configure:16346: checking for waitpid
configure:16402: gcc -o conftest -g -O2   conftest.c  >&5
configure:16408: $? = 0
configure:16426: result: yes
configure:16600: creating ./config.status

## ---------------------- ##
## Running config.status. ##
## ---------------------- ##

This file was extended by config.status, which was
generated by GNU Autoconf 2.61.  Invocation command line was

  CONFIG_FILES    = 
  CONFIG_HEADERS  = 
  CONFIG_LINKS    = 
  CONFIG_COMMANDS = 
  $ ./config.status 

on localhost

config.status:943: creating Makefile
config.status:943: creating src/Makefile
config.status:943: creating config.h
config.status:1192: config.h is unchanged
config.status:1238: executing depfiles commands
config.status:1238: executing libtool commands
config.status:1238: executing default-1 commands
config.status:1238: executing default commands

## ---------------- ##
## Cache variables. ##
## ---------------- ##

ac_cv_build=i386-apple-darwin11.4.0
ac_cv_c_compiler_gnu=yes
ac_cv_c_const=yes
ac_cv_cxx_compiler_gnu=yes
ac_cv_env_CCC_set=
ac_cv_env_CCC_value=
ac_cv_env_CC_set=
ac_cv_env_CC_value=
ac_cv_env_CFLAGS_set=
ac_cv_env_CFLAGS_value=
ac_cv_env_CPPFLAGS_set=
ac_cv_env_CPPFLAGS_value=
ac_cv_env_CPP_set=
ac_cv_env_CPP_value=
ac_cv_env_CXXCPP_set=
ac_cv_env_CXXCPP_value=
ac_cv_env_CXXFLAGS_set=
ac_cv_env_CXXFLAGS_value=
ac_cv_env_CXX_set=
ac_cv_env_CXX_value=
ac_cv_env_LDFLAGS_set=
ac_cv_env_LDFLAGS_value=
ac_cv_env_LIBS_set=
ac_cv_env_LIBS_value=
ac_cv_env_build_alias_set=
ac_cv_env_build_alias_value=
ac_cv_env_host_alias_set=
ac_cv_env_host_alias_value=
ac_cv_env_target_alias_set=
ac_cv_env_target_alias_value=
ac_cv_func_basename=yes
ac_cv_func_bzero=yes
ac_cv_func_calloc=yes
ac_cv_func_strchr=yes
ac_cv_func_strcspn=yes
ac_cv_func_strerror=yes
ac_cv_func_strrchr=yes
ac_cv_func_strsignal=yes
ac_cv_func_strspn=yes
ac_cv_func_vfprintf=yes
ac_cv_func_waitpid=yes
ac_cv_header_assert_h=yes
ac_cv_header_dlfcn_h=yes
ac_cv_header_errno_h=yes
ac_cv_header_inttypes_h=yes
ac_cv_header_memory_h=yes
ac_cv_header_stdarg_h=yes
ac_cv_header_stdc=yes
ac_cv_header_stdint_h=yes
ac_cv_header_stdlib_h=yes
ac_cv_header_string_h=yes
ac_cv_header_strings_h=yes
ac_cv_header_sys_stat_h=yes
ac_cv_header_sys_types_h=yes
ac_cv_header_sys_wait_h=yes
ac_cv_header_unistd_h=yes
ac_cv_host=i386-apple-darwin11.4.0
ac_cv_objext=o
ac_cv_path_EGREP='/usr/bin/grep -E'
ac_cv_path_FGREP='/usr/bin/grep -F'
ac_cv_path_GREP=/usr/bin/grep
ac_cv_path_SED=/usr/bin/sed
ac_cv_path_install='/usr/bin/install -c'
ac_cv_prog_AWK=awk
ac_cv_prog_CPP='gcc -E'
ac_cv_prog_CXXCPP='g++ -E'
ac_cv_prog_ac_ct_AR=ar
ac_cv_prog_ac_ct_CC=gcc
ac_cv_prog_ac_ct_CXX=g++
ac_cv_prog_ac_ct_DSYMUTIL=dsymutil
ac_cv_prog_ac_ct_LIPO=lipo
ac_cv_prog_ac_ct_NMEDIT=nmedit
ac_cv_prog_ac_ct_OTOOL=otool
ac_cv_prog_ac_ct_STRIP=strip
ac_cv_prog_cc_c89=
ac_cv_prog_cc_g=yes
ac_cv_prog_cxx_g=yes
ac_cv_prog_make_make_set=yes
ac_cv_type_pid_t=yes
ac_cv_type_size_t=yes
am_cv_CC_dependencies_compiler_type=gcc3
am_cv_CXX_dependencies_compiler_type=gcc3
am_cv_prog_cc_stdc=
lt_cv_apple_cc_single_mod=yes
lt_cv_deplibs_check_method=pass_all
lt_cv_file_magic_cmd='$MAGIC_CMD'
lt_cv_file_magic_test_file=
lt_cv_ld_exported_symbols_list=yes
lt_cv_ld_force_load=no
lt_cv_ld_reload_flag=-r
lt_cv_nm_interface='BSD nm'
lt_cv_objdir=.libs
lt_cv_path_LD=/usr/llvm-gcc-4.2/libexec/gcc/i686-apple-darwin11/4.2.1/ld
lt_cv_path_LDCXX=/usr/llvm-gcc-4.2/libexec/gcc/i686-apple-darwin11/4.2.1/ld
lt_cv_path_NM=/usr/bin/nm
lt_cv_prog_compiler_c_o=yes
lt_cv_prog_compiler_c_o_CXX=yes
lt_cv_prog_compiler_pic_works=yes
lt_cv_prog_compiler_pic_works_CXX=yes
lt_cv_prog_compiler_rtti_exceptions=no
lt_cv_prog_compiler_static_works=no
lt_cv_prog_compiler_static_works_CXX=no
lt_cv_prog_gnu_ld=no
lt_cv_prog_gnu_ldcxx=no
lt_cv_sys_global_symbol_pipe='sed -n -e '\''s/^.*[	 ]\([BCDEGRST][BCDEGRST]*\)[	 ][	 ]*_\([_A-Za-z][_A-Za-z0-9]*\)$/\1 _\2 \2/p'\'''
lt_cv_sys_global_symbol_to_c_name_address='sed -n -e '\''s/^: \([^ ]*\) $/  {\"\1\", (void *) 0},/p'\'' -e '\''s/^[BCDEGRST]* \([^ ]*\) \([^ ]*\)$/  {"\2", (void *) \&\2},/p'\'''
lt_cv_sys_global_symbol_to_c_name_address_lib_prefix='sed -n -e '\''s/^: \([^ ]*\) $/  {\"\1\", (void *) 0},/p'\'' -e '\''s/^[BCDEGRST]* \([^ ]*\) \(lib[^ ]*\)$/  {"\2", (void *) \&\2},/p'\'' -e '\''s/^[BCDEGRST]* \([^ ]*\) \([^ ]*\)$/  {"lib\2", (void *) \&\2},/p'\'''
lt_cv_sys_global_symbol_to_cdecl='sed -n -e '\''s/^T .* \(.*\)$/extern int \1();/p'\'' -e '\''s/^[BCDEGRST]* .* \(.*\)$/extern char \1;/p'\'''
lt_cv_sys_max_cmd_len=196608
sic_cv_var_sys_errlist=yes
sic_cv_var_sys_siglist=yes

## ----------------- ##
## Output variables. ##
## ----------------- ##

ACLOCAL='${SHELL} /Users/air/Downloads/coreseek-4.1-beta/mmseg-3.2.14/config/missing --run aclocal-1.10'
AMDEPBACKSLASH='\'
AMDEP_FALSE='#'
AMDEP_TRUE=''
AMTAR='${SHELL} /Users/air/Downloads/coreseek-4.1-beta/mmseg-3.2.14/config/missing --run tar'
AR='ar'
AUTOCONF='${SHELL} /Users/air/Downloads/coreseek-4.1-beta/mmseg-3.2.14/config/missing --run autoconf'
AUTOHEADER='${SHELL} /Users/air/Downloads/coreseek-4.1-beta/mmseg-3.2.14/config/missing --run autoheader'
AUTOMAKE='${SHELL} /Users/air/Downloads/coreseek-4.1-beta/mmseg-3.2.14/config/missing --run automake-1.10'
AWK='awk'
CC='gcc'
CCDEPMODE='depmode=gcc3'
CFLAGS='-g -O2'
CPP='gcc -E'
CPPFLAGS=''
CXX='g++'
CXXCPP='g++ -E'
CXXDEPMODE='depmode=gcc3'
CXXFLAGS='-g -O2'
CYGPATH_W='echo'
DEFS='-DHAVE_CONFIG_H'
DEPDIR='.deps'
DSYMUTIL='dsymutil'
DUMPBIN=''
ECHO_C='ECHO_N=''
ECHO_T=''
EGREP='/usr/bin/grep -E'
EXEEXT=''
FGREP='/usr/bin/grep -F'
GREP='/usr/bin/grep'
INSTALL_DATA='${INSTALL} -m 644'
INSTALL_PROGRAM='${INSTALL}'
INSTALL_SCRIPT='${INSTALL}'
INSTALL_STRIP_PROGRAM='$(install_sh) -c -s'
LD='/usr/llvm-gcc-4.2/libexec/gcc/i686-apple-darwin11/4.2.1/ld'
LDFLAGS=''
LIBOBJS=' ${LIBOBJDIR}$U.o'
LIBS=''
LIBTOOL='$(SHELL) $(top_builddir)/libtool'
LIPO='lipo'
LN_S='ln -s'
LTLIBOBJS=' ${LIBOBJDIR}$U.lo'
MAKEINFO='${SHELL} /Users/air/Downloads/coreseek-4.1-beta/mmseg-3.2.14/config/missing --run makeinfo'
NM='/usr/bin/nm'
NMEDIT='nmedit'
OBJDUMP='false'
OBJEXT='o'
OTOOL64=':'
OTOOL='otool'
PACKAGE='mmseg'
PACKAGE_BUGREPORT=''
PACKAGE_NAME=''
PACKAGE_STRING=''
PACKAGE_TARNAME=''
PACKAGE_VERSION=''
PATH_SEPARATOR=':'
RANLIB=':'
SED='/usr/bin/sed'
SET_MAKE=''
SHELL='/bin/sh'
STRIP='strip'
VERSION='0.7'
WITH_READLINE_FALSE=''
WITH_READLINE_TRUE='#'
ac_aux_dir='config'
ac_ct_CC='gcc'
ac_ct_CXX='g++'
ac_ct_DUMPBIN=''
am__fastdepCC_FALSE='#'
am__fastdepCC_TRUE=''
am__fastdepCXX_FALSE='#'
am__fastdepCXX_TRUE=''
am__include='include'
am__isrc=''
am__leading_dot='.'
am__quote=''
am__tar='${AMTAR} chof - "$$tardir"'
am__untar='${AMTAR} xf -'
bindir='${exec_prefix}/bin'
build='i386-apple-darwin11.4.0'
build_alias=''
build_cpu='i386'
build_os='darwin11.4.0'
build_vendor='apple'
datadir='${datarootdir}'
datarootdir='${prefix}/share'
docdir='${datarootdir}/doc/${PACKAGE}'
dvidir='${docdir}'
exec_prefix='${prefix}'
host='i386-apple-darwin11.4.0'
host_alias=''
host_cpu='i386'
host_os='darwin11.4.0'
host_vendor='apple'
htmldir='${docdir}'
includedir='${prefix}/include'
infodir='${datarootdir}/info'
install_sh='$(SHELL) /Users/air/Downloads/coreseek-4.1-beta/mmseg-3.2.14/config/install-sh'
libdir='${exec_prefix}/lib'
libexecdir='${exec_prefix}/libexec'
localedir='${datarootdir}/locale'
localstatedir='${prefix}/var'
mandir='${datarootdir}/man'
mkdir_p='$(top_builddir)/config/install-sh -c -d'
oldincludedir='/usr/include'
pdfdir='${docdir}'
prefix='/usr/local/mmseg3'
program_transform_name='s,x,x,'
psdir='${docdir}'
sbindir='${exec_prefix}/sbin'
sharedstatedir='${prefix}/com'
sysconfdir='${prefix}/etc'
target_alias=''

## ----------- ##
## confdefs.h. ##
## ----------- ##

#define PACKAGE_NAME ""
#define PACKAGE_TARNAME ""
#define PACKAGE_VERSION ""
#define PACKAGE_STRING ""
#define PACKAGE_BUGREPORT ""
#define PACKAGE "mmseg"
#define VERSION "0.7"
#define STDC_HEADERS 1
#define HAVE_SYS_TYPES_H 1
#define HAVE_SYS_STAT_H 1
#define HAVE_STDLIB_H 1
#define HAVE_STRING_H 1
#define HAVE_MEMORY_H 1
#define HAVE_STRINGS_H 1
#define HAVE_INTTYPES_H 1
#define HAVE_STDINT_H 1
#define HAVE_UNISTD_H 1
#define HAVE_DLFCN_H 1
#define LT_OBJDIR ".libs/"
#define STDC_HEADERS 1
#define HAVE_SYS_WAIT_H 1
#define HAVE_STDLIB_H 1
#define HAVE_UNISTD_H 1
#define HAVE_ERRNO_H 1
#define HAVE_ASSERT_H 1
#define HAVE_STRING_H 1
#define HAVE_STDARG_H 1
#define HAVE_SYS_ERRLIST 1
#define HAVE_SYS_SIGLIST 1
#define HAVE_BZERO 1
#define HAVE_CALLOC 1
#define HAVE_STRCHR 1
#define HAVE_STRRCHR 1
#define HAVE_BASENAME 1
#define HAVE_STRSPN 1
#define HAVE_STRCSPN 1
#define HAVE_STRERROR 1
#define HAVE_STRSIGNAL 1
#define HAVE_VFPRINTF 1
#define HAVE_WAITPID 1

configure: exit 0
